#
# A fatal error has been detected by the Java Runtime Environment:
#
#  SIGSEGV (0xb) at pc=0x00007fff77ae169d, pid=14333, tid=0x0000000000000307
#
# JRE version: Java(TM) SE Runtime Environment (8.0_221-b11) (build 1.8.0_221-b11)
# Java VM: Java HotSpot(TM) 64-Bit Server VM (25.221-b11 mixed mode bsd-amd64 compressed oops)
# Problematic frame:
# C  [libobjc.A.dylib+0x669d]  objc_msgSend+0x1d
#
# Failed to write core dump. Core dumps have been disabled. To enable core dumping, try "ulimit -c unlimited" before starting Java again
#
# If you would like to submit a bug report, please visit:
#   http://bugreport.java.com/bugreport/crash.jsp
# The crash happened outside the Java Virtual Machine in native code.
# See problematic frame for where to report the bug.
#

---------------  T H R E A D  ---------------

Current thread (0x00007fa10e8e4800):  JavaThread "AWT-AppKit" daemon [_thread_in_native, id=775, stack(0x00007ffee7ff6000,0x00007ffee87f6000)]

siginfo: si_signo: 11 (SIGSEGV), si_code: 1 (SEGV_MAPERR), si_addr: 0x0000000000000018

Registers:
RAX=0x00007fa11105ce50, RBX=0x00000001221073b0, RCX=0x0000000000000001, RDX=0x0000000000000000
RSP=0x00007ffee87f1168, RBP=0x00007ffee87f1220, RSI=0x00007fff4b4ef537, RDI=0x00007fa11105b890
R8 =0x0000000000000001, R9 =0x0000000000000000, R10=0x0000000000000000, R11=0x00007fff4b4ef537
R12=0x0000000000000000, R13=0x0000000195ed2e18, R14=0x00000001221073a0, R15=0x00007fa10e8e4800
RIP=0x00007fff77ae169d, EFLAGS=0x0000000000010246, ERR=0x0000000000000004
  TRAPNO=0x000000000000000e

Top of Stack: (sp=0x00007ffee87f1168)
0x00007ffee87f1168:   00000001221055d7 00007ffee87f11c0
0x00007ffee87f1178:   0000000000000003 00007ffee87f11a0
0x00007ffee87f1188:   0000000108ec7942 0000000195ed2e18
0x00007ffee87f1198:   0000000195ed2e18 00007fa11105ce50
0x00007ffee87f11a8:   00000001221075c0 0000000122107640
0x00007ffee87f11b8:   00000001221073b0 00007fffa8519838
0x00007ffee87f11c8:   00000001221075d0 00007fffa9be1088
0x00007ffee87f11d8:   00007fa11105ce50 00007fa11105b890
0x00007ffee87f11e8:   00007fa10d77efb0 00007fa11105ce50
0x00007ffee87f11f8:   00007fa11105b890 00007ffee87f12a8
0x00007ffee87f1208:   00007fa10e8e49f8 0000000195ed2e18
0x00007ffee87f1218:   00007ffee87f12d0 00007ffee87f1298
0x00007ffee87f1228:   0000000109d55667 0000000195ed2e18
0x00007ffee87f1238:   00007ffee87f12d0 00007ffee87f1298
0x00007ffee87f1248:   0000000109d553c7 0000000109d55382
0x00007ffee87f1258:   00007ffee87f1258 0000000195ed2e18
0x00007ffee87f1268:   00007ffee87f12d0 0000000195ed5608
0x00007ffee87f1278:   0000000000000000 0000000195ed2e18
0x00007ffee87f1288:   0000000000000000 00007ffee87f12b8
0x00007ffee87f1298:   00007ffee87f1318 0000000109d452bd
0x00007ffee87f12a8:   0000000740328678 0000000109d4ed18
0x00007ffee87f12b8:   00007fa11105ce50 00007ffee87f1318
0x00007ffee87f12c8:   00007fa11105b890 0000000109d50782
0x00007ffee87f12d8:   00007ffee87f12d8 0000000195ed2fe2
0x00007ffee87f12e8:   00007ffee87f1340 0000000195ed5608
0x00007ffee87f12f8:   0000000000000000 0000000195ed2ff0
0x00007ffee87f1308:   00007ffee87f12b8 00007ffee87f1328
0x00007ffee87f1318:   00007ffee87f1388 0000000109d452bd
0x00007ffee87f1328:   00007fa11105ce50 00000007404000f8
0x00007ffee87f1338:   00007fa11105b890 00000007404000f8
0x00007ffee87f1348:   00007ffee87f1348 000000019c7e8dd6
0x00007ffee87f1358:   00007ffee87f1398 000000019c7e8e90 

Instructions: (pc=0x00007fff77ae169d)
0x00007fff77ae167d:   0f 1f 00 48 85 ff 2e 74 62 40 f6 c7 01 2e 75 66
0x00007fff77ae168d:   49 ba f8 ff ff ff ff 7f 00 00 4c 23 17 49 89 f3
0x00007fff77ae169d:   45 23 5a 18 49 c1 e3 04 4d 03 5a 10 49 3b 33 75
0x00007fff77ae16ad:   04 41 ff 63 08 49 83 3b 01 76 0d 49 83 c3 10 49 

Register to memory mapping:

RAX=0x00007fa11105ce50 is an unknown value
RBX=0x00000001221073b0: Java_jogamp_nativewindow_macosx_OSXUtil_GetScreenRefreshRate0+0x1850 in /private/var/folders/m_/0lbv8nt54cqg1wwkh7vvlhkh0000gn/T/jogamp_0000/file_cache/jln4319002737501085579/jln8063587153019200051/libnativewindow_macosx.jnilib at 0x0000000122100000
RCX=0x0000000000000001 is an unknown value
RDX=0x0000000000000000 is an unknown value
RSP=0x00007ffee87f1168 is pointing into the stack for thread: 0x00007fa10e8e4800
RBP=0x00007ffee87f1220 is pointing into the stack for thread: 0x00007fa10e8e4800
RSI=0x00007fff4b4ef537: GCC_except_table7+0x9e9b in /System/Library/Frameworks/AppKit.framework/Versions/C/AppKit at 0x00007fff4a948000
RDI=0x00007fa11105b890 is an unknown value
R8 =0x0000000000000001 is an unknown value
R9 =0x0000000000000000 is an unknown value
R10=0x0000000000000000 is an unknown value
R11=0x00007fff4b4ef537: GCC_except_table7+0x9e9b in /System/Library/Frameworks/AppKit.framework/Versions/C/AppKit at 0x00007fff4a948000
R12=0x0000000000000000 is an unknown value
R13={method} {0x0000000195ed2e18} 'UnsetJAWTRootSurfaceLayer0' '(JJ)V' in 'jogamp/nativewindow/jawt/macosx/MacOSXJAWTWindow'
R14=0x00000001221073a0: Java_jogamp_nativewindow_macosx_OSXUtil_GetScreenRefreshRate0+0x1840 in /private/var/folders/m_/0lbv8nt54cqg1wwkh7vvlhkh0000gn/T/jogamp_0000/file_cache/jln4319002737501085579/jln8063587153019200051/libnativewindow_macosx.jnilib at 0x0000000122100000
R15=0x00007fa10e8e4800 is a thread


Stack: [0x00007ffee7ff6000,0x00007ffee87f6000],  sp=0x00007ffee87f1168,  free space=8172k
Native frames: (J=compiled Java code, j=interpreted, Vv=VM code, C=native code)
C  [libobjc.A.dylib+0x669d]  objc_msgSend+0x1d
j  jogamp.nativewindow.jawt.macosx.MacOSXJAWTWindow.UnsetJAWTRootSurfaceLayer0(JJ)V+0
j  jogamp.nativewindow.jawt.macosx.MacOSXJAWTWindow.access$200(JJ)V+2
j  jogamp.nativewindow.jawt.macosx.MacOSXJAWTWindow$1.run()V+38
J 2899 C1 com.jogamp.common.util.RunnableTask.run()V (345 bytes) @ 0x000000010a5f71b4 [0x000000010a5f7020+0x194]
v  ~StubRoutines::call_stub
V  [libjvm.dylib+0x2f0d1e]
V  [libjvm.dylib+0x32805c]
V  [libjvm.dylib+0x31a83f]
C  [libnativewindow_macosx.jnilib+0x57ae]  Java_jogamp_nativewindow_jawt_macosx_MacOSXJAWTWindow_UnsetJAWTRootSurfaceLayer0+0x2be
C  [Foundation+0xb0742]  __NSThreadPerformPerform+0x148
C  [CoreFoundation+0x57683]  __CFRUNLOOP_IS_CALLING_OUT_TO_A_SOURCE0_PERFORM_FUNCTION__+0x11
C  [CoreFoundation+0x57629]  __CFRunLoopDoSource0+0x6c
C  [CoreFoundation+0x3b043]  __CFRunLoopDoSources0+0x11b
C  [CoreFoundation+0x3a5b5]  __CFRunLoopRun+0x4a5
C  [CoreFoundation+0x39ebe]  CFRunLoopRunSpecific+0x1c7
C  [HIToolbox+0xb1ab]  RunCurrentEventLoopInMode+0x124
C  [HIToolbox+0xaded]  ReceiveNextEventCommon+0x163
C  [HIToolbox+0xac76]  _BlockUntilNextEventMatchingListInModeWithFilter+0x40
C  [AppKit+0x1a79d]  _DPSNextEvent+0x46f
C  [AppKit+0x1948b]  -[NSApplication(NSEvent) _nextEventMatchingEventMask:untilDate:inMode:dequeue:]+0x551
C  [libosxapp.dylib+0x2328]  -[NSApplicationAWT nextEventMatchingMask:untilDate:inMode:dequeue:]+0x7c
C  [AppKit+0x135a8]  -[NSApplication run]+0x2bb
C  [libosxapp.dylib+0x1f72]  +[NSApplicationAWT runAWTLoopWithApp:]+0x9c
C  [libawt_lwawt.dylib+0x480bf]  -[AWTStarter starter:]+0x389
C  [Foundation+0xb0742]  __NSThreadPerformPerform+0x148
C  [CoreFoundation+0x57683]  __CFRUNLOOP_IS_CALLING_OUT_TO_A_SOURCE0_PERFORM_FUNCTION__+0x11
C  [CoreFoundation+0x57629]  __CFRunLoopDoSource0+0x6c
C  [CoreFoundation+0x3afeb]  __CFRunLoopDoSources0+0xc3
C  [CoreFoundation+0x3a5b5]  __CFRunLoopRun+0x4a5
C  [CoreFoundation+0x39ebe]  CFRunLoopRunSpecific+0x1c7
C  [java+0x646e]  CreateExecutionEnvironment+0x367
C  [java+0x203c]  JLI_Launch+0x7a0
C  [java+0x84cb]  main+0x65
C  [java+0x1894]  start+0x34
C  0x0000000000000007

Java frames: (J=compiled Java code, j=interpreted, Vv=VM code)
j  jogamp.nativewindow.jawt.macosx.MacOSXJAWTWindow.UnsetJAWTRootSurfaceLayer0(JJ)V+0
j  jogamp.nativewindow.jawt.macosx.MacOSXJAWTWindow.access$200(JJ)V+2
j  jogamp.nativewindow.jawt.macosx.MacOSXJAWTWindow$1.run()V+38
J 2899 C1 com.jogamp.common.util.RunnableTask.run()V (345 bytes) @ 0x000000010a5f71b4 [0x000000010a5f7020+0x194]
v  ~StubRoutines::call_stub

---------------  P R O C E S S  ---------------

Java Threads: ( => current thread )
  0x00007fa10ec77800 JavaThread "Thread-37" [_thread_blocked, id=72071, stack(0x000070000deef000,0x000070000dfef000)]
  0x00007fa112012000 JavaThread "Keep-Alive-Timer" daemon [_thread_blocked, id=59675, stack(0x000070000e37e000,0x000070000e47e000)]
  0x00007fa10f447000 JavaThread "Animation Thread" [_thread_blocked, id=52995, stack(0x000070000dce9000,0x000070000dde9000)]
  0x00007fa10eac4800 JavaThread "AWT-EventQueue-1" [_thread_blocked, id=75803, stack(0x000070000ddec000,0x000070000deec000)]
  0x00007fa10f28e000 JavaThread "DestroyJavaVM" [_thread_blocked, id=5891, stack(0x000070000c721000,0x000070000c821000)]
  0x00007fa10d911000 JavaThread "AWT-EventQueue-0" [_thread_blocked, id=52243, stack(0x000070000dbe6000,0x000070000dce6000)]
  0x00007fa10e128000 JavaThread "Java2D Disposer" daemon [_thread_blocked, id=78863, stack(0x000070000d95d000,0x000070000da5d000)]
  0x00007fa10e8fd000 JavaThread "Java2D Queue Flusher" daemon [_thread_blocked, id=81691, stack(0x000070000d85a000,0x000070000d95a000)]
  0x00007fa10f177800 JavaThread "AWT-Shutdown" [_thread_blocked, id=25131, stack(0x000070000d54b000,0x000070000d64b000)]
=>0x00007fa10e8e4800 JavaThread "AWT-AppKit" daemon [_thread_in_native, id=775, stack(0x00007ffee7ff6000,0x00007ffee87f6000)]
  0x00007fa10e00a800 JavaThread "Service Thread" daemon [_thread_blocked, id=18435, stack(0x000070000d345000,0x000070000d445000)]
  0x00007fa10f060800 JavaThread "C1 CompilerThread2" daemon [_thread_blocked, id=18691, stack(0x000070000d242000,0x000070000d342000)]
  0x00007fa10f05f800 JavaThread "C2 CompilerThread1" daemon [_thread_blocked, id=14339, stack(0x000070000d13f000,0x000070000d23f000)]
  0x00007fa10e82d800 JavaThread "C2 CompilerThread0" daemon [_thread_blocked, id=14083, stack(0x000070000d03c000,0x000070000d13c000)]
  0x00007fa10f04f800 JavaThread "Signal Dispatcher" daemon [_thread_blocked, id=13571, stack(0x000070000cf39000,0x000070000d039000)]
  0x00007fa10f03e800 JavaThread "Finalizer" daemon [_thread_blocked, id=12291, stack(0x000070000ce36000,0x000070000cf36000)]
  0x00007fa10e003800 JavaThread "Reference Handler" daemon [_thread_blocked, id=12035, stack(0x000070000cd33000,0x000070000ce33000)]

Other Threads:
  0x00007fa10f036000 VMThread [stack: 0x000070000cc30000,0x000070000cd30000] [id=11779]
  0x00007fa10f001800 WatcherThread [stack: 0x000070000d448000,0x000070000d548000] [id=15363]

VM state:not at safepoint (normal execution)

VM Mutex/Monitor currently owned by a thread: None

heap address: 0x0000000740000000, size: 2048 MB, Compressed Oops mode: Zero based, Oop shift amount: 3
Narrow klass base: 0x0000000000000000, Narrow klass shift: 3
Compressed class space size: 1073741824 Address: 0x00000007c0000000

Heap:
 PSYoungGen      total 132608K, used 26697K [0x0000000795580000, 0x00000007a4200000, 0x00000007c0000000)
  eden space 119808K, 13% used [0x0000000795580000,0x00000007965d2080,0x000000079ca80000)
  from space 12800K, 78% used [0x000000079ca80000,0x000000079d440710,0x000000079d700000)
  to   space 13312K, 0% used [0x00000007a3500000,0x00000007a3500000,0x00000007a4200000)
 ParOldGen       total 48128K, used 15859K [0x0000000740000000, 0x0000000742f00000, 0x0000000795580000)
  object space 48128K, 32% used [0x0000000740000000,0x0000000740f7cf00,0x0000000742f00000)
 Metaspace       used 25416K, capacity 25917K, committed 26240K, reserved 1073152K
  class space    used 2512K, capacity 2661K, committed 2688K, reserved 1048576K

Card table byte_map: [0x00000001081c0000,0x00000001085c1000] byte_map_base: 0x00000001047c0000

Marking Bits: (ParMarkBitMap*) 0x000000010967fe40
 Begin Bits: [0x0000000118d3d000, 0x000000011ad3d000)
 End Bits:   [0x000000011ad3d000, 0x000000011cd3d000)

Polling page: 0x0000000107485000

CodeCache: size=245760Kb used=10870Kb max_used=11862Kb free=234889Kb
 bounds [0x0000000109d3d000, 0x000000010a8ed000, 0x0000000118d3d000]
 total_blobs=4202 nmethods=3233 adapters=882
 compilation: enabled

Compilation events (10 events):
Event: 34.316 Thread 0x00007fa10f060800 3733       1       sun.java2d.SurfaceData::isValid (5 bytes)
Event: 34.317 Thread 0x00007fa10f060800 nmethod 3733 0x000000010a15e450 code [0x000000010a15e5a0, 0x000000010a15e6b0]
Event: 34.318 Thread 0x00007fa10f060800 3734       3       sun.java2d.SunGraphics2D::setColor (108 bytes)
Event: 34.318 Thread 0x00007fa10f060800 nmethod 3734 0x000000010a038e90 code [0x000000010a039020, 0x000000010a039558]
Event: 34.325 Thread 0x00007fa10f060800 3735       3       sun.java2d.pipe.RenderBuffer::putFloat (26 bytes)
Event: 34.326 Thread 0x00007fa10f060800 nmethod 3735 0x0000000109e81e90 code [0x0000000109e82000, 0x0000000109e82190]
Event: 34.336 Thread 0x00007fa10f060800 3737       3       javax.media.nativewindow.DefaultGraphicsDevice::lock (10 bytes)
Event: 34.336 Thread 0x00007fa10f060800 nmethod 3737 0x000000010a15c910 code [0x000000010a15ca80, 0x000000010a15cca8]
Event: 34.336 Thread 0x00007fa10f060800 3738       3       javax.media.nativewindow.DefaultGraphicsDevice::unlock (10 bytes)
Event: 34.336 Thread 0x00007fa10f060800 nmethod 3738 0x000000010a3f9190 code [0x000000010a3f9300, 0x000000010a3f9528]

GC Heap History (10 events):
Event: 7.195 GC heap before
{Heap before GC invocations=4 (full 1):
 PSYoungGen      total 38400K, used 5088K [0x0000000795580000, 0x000000079a080000, 0x00000007c0000000)
  eden space 33280K, 0% used [0x0000000795580000,0x0000000795580000,0x0000000797600000)
  from space 5120K, 99% used [0x0000000797600000,0x0000000797af8280,0x0000000797b00000)
  to   space 5120K, 0% used [0x0000000799b80000,0x0000000799b80000,0x000000079a080000)
 ParOldGen       total 87552K, used 4164K [0x0000000740000000, 0x0000000745580000, 0x0000000795580000)
  object space 87552K, 4% used [0x0000000740000000,0x00000007404113a8,0x0000000745580000)
 Metaspace       used 20806K, capacity 21203K, committed 21248K, reserved 1069056K
  class space    used 2146K, capacity 2292K, committed 2304K, reserved 1048576K
Event: 7.227 GC heap after
Heap after GC invocations=4 (full 1):
 PSYoungGen      total 38400K, used 0K [0x0000000795580000, 0x000000079a080000, 0x00000007c0000000)
  eden space 33280K, 0% used [0x0000000795580000,0x0000000795580000,0x0000000797600000)
  from space 5120K, 0% used [0x0000000797600000,0x0000000797600000,0x0000000797b00000)
  to   space 5120K, 0% used [0x0000000799b80000,0x0000000799b80000,0x000000079a080000)
 ParOldGen       total 48128K, used 7996K [0x0000000740000000, 0x0000000742f00000, 0x0000000795580000)
  object space 48128K, 16% used [0x0000000740000000,0x00000007407cf080,0x0000000742f00000)
 Metaspace       used 20806K, capacity 21203K, committed 21248K, reserved 1069056K
  class space    used 2146K, capacity 2292K, committed 2304K, reserved 1048576K
}
Event: 8.535 GC heap before
{Heap before GC invocations=5 (full 1):
 PSYoungGen      total 38400K, used 33272K [0x0000000795580000, 0x000000079a080000, 0x00000007c0000000)
  eden space 33280K, 99% used [0x0000000795580000,0x00000007975fe258,0x0000000797600000)
  from space 5120K, 0% used [0x0000000797600000,0x0000000797600000,0x0000000797b00000)
  to   space 5120K, 0% used [0x0000000799b80000,0x0000000799b80000,0x000000079a080000)
 ParOldGen       total 48128K, used 7996K [0x0000000740000000, 0x0000000742f00000, 0x0000000795580000)
  object space 48128K, 16% used [0x0000000740000000,0x00000007407cf080,0x0000000742f00000)
 Metaspace       used 24130K, capacity 24553K, committed 24960K, reserved 1071104K
  class space    used 2454K, capacity 2591K, committed 2688K, reserved 1048576K
Event: 8.545 GC heap after
Heap after GC invocations=5 (full 1):
 PSYoungGen      total 68608K, used 5088K [0x0000000795580000, 0x000000079a080000, 0x00000007c0000000)
  eden space 63488K, 0% used [0x0000000795580000,0x0000000795580000,0x0000000799380000)
  from space 5120K, 99% used [0x0000000799b80000,0x000000079a0783b0,0x000000079a080000)
  to   space 5120K, 0% used [0x0000000799680000,0x0000000799680000,0x0000000799b80000)
 ParOldGen       total 48128K, used 15587K [0x0000000740000000, 0x0000000742f00000, 0x0000000795580000)
  object space 48128K, 32% used [0x0000000740000000,0x0000000740f38ef0,0x0000000742f00000)
 Metaspace       used 24130K, capacity 24553K, committed 24960K, reserved 1071104K
  class space    used 2454K, capacity 2591K, committed 2688K, reserved 1048576K
}
Event: 14.398 GC heap before
{Heap before GC invocations=6 (full 1):
 PSYoungGen      total 68608K, used 68576K [0x0000000795580000, 0x000000079a080000, 0x00000007c0000000)
  eden space 63488K, 100% used [0x0000000795580000,0x0000000799380000,0x0000000799380000)
  from space 5120K, 99% used [0x0000000799b80000,0x000000079a0783b0,0x000000079a080000)
  to   space 5120K, 0% used [0x0000000799680000,0x0000000799680000,0x0000000799b80000)
 ParOldGen       total 48128K, used 15587K [0x0000000740000000, 0x0000000742f00000, 0x0000000795580000)
  object space 48128K, 32% used [0x0000000740000000,0x0000000740f38ef0,0x0000000742f00000)
 Metaspace       used 24822K, capacity 25199K, committed 25472K, reserved 1073152K
  class space    used 2472K, capacity 2592K, committed 2688K, reserved 1048576K
Event: 14.403 GC heap after
Heap after GC invocations=6 (full 1):
 PSYoungGen      total 71680K, used 5105K [0x0000000795580000, 0x000000079e400000, 0x00000007c0000000)
  eden space 66560K, 0% used [0x0000000795580000,0x0000000795580000,0x0000000799680000)
  from space 5120K, 99% used [0x0000000799680000,0x0000000799b7c5e0,0x0000000799b80000)
  to   space 13312K, 0% used [0x000000079d700000,0x000000079d700000,0x000000079e400000)
 ParOldGen       total 48128K, used 15851K [0x0000000740000000, 0x0000000742f00000, 0x0000000795580000)
  object space 48128K, 32% used [0x0000000740000000,0x0000000740f7af00,0x0000000742f00000)
 Metaspace       used 24822K, capacity 25199K, committed 25472K, reserved 1073152K
  class space    used 2472K, capacity 2592K, committed 2688K, reserved 1048576K
}
Event: 20.009 GC heap before
{Heap before GC invocations=7 (full 1):
 PSYoungGen      total 71680K, used 71665K [0x0000000795580000, 0x000000079e400000, 0x00000007c0000000)
  eden space 66560K, 100% used [0x0000000795580000,0x0000000799680000,0x0000000799680000)
  from space 5120K, 99% used [0x0000000799680000,0x0000000799b7c5e0,0x0000000799b80000)
  to   space 13312K, 0% used [0x000000079d700000,0x000000079d700000,0x000000079e400000)
 ParOldGen       total 48128K, used 15851K [0x0000000740000000, 0x0000000742f00000, 0x0000000795580000)
  object space 48128K, 32% used [0x0000000740000000,0x0000000740f7af00,0x0000000742f00000)
 Metaspace       used 25291K, capacity 25687K, committed 25984K, reserved 1073152K
  class space    used 2497K, capacity 2626K, committed 2688K, reserved 1048576K
Event: 20.014 GC heap after
Heap after GC invocations=7 (full 1):
 PSYoungGen      total 133120K, used 5235K [0x0000000795580000, 0x000000079e600000, 0x00000007c0000000)
  eden space 119808K, 0% used [0x0000000795580000,0x0000000795580000,0x000000079ca80000)
  from space 13312K, 39% used [0x000000079d700000,0x000000079dc1cea8,0x000000079e400000)
  to   space 12800K, 0% used [0x000000079ca80000,0x000000079ca80000,0x000000079d700000)
 ParOldGen       total 48128K, used 15859K [0x0000000740000000, 0x0000000742f00000, 0x0000000795580000)
  object space 48128K, 32% used [0x0000000740000000,0x0000000740f7cf00,0x0000000742f00000)
 Metaspace       used 25291K, capacity 25687K, committed 25984K, reserved 1073152K
  class space    used 2497K, capacity 2626K, committed 2688K, reserved 1048576K
}
Event: 31.443 GC heap before
{Heap before GC invocations=8 (full 1):
 PSYoungGen      total 133120K, used 125043K [0x0000000795580000, 0x000000079e600000, 0x00000007c0000000)
  eden space 119808K, 100% used [0x0000000795580000,0x000000079ca80000,0x000000079ca80000)
  from space 13312K, 39% used [0x000000079d700000,0x000000079dc1cea8,0x000000079e400000)
  to   space 12800K, 0% used [0x000000079ca80000,0x000000079ca80000,0x000000079d700000)
 ParOldGen       total 48128K, used 15859K [0x0000000740000000, 0x0000000742f00000, 0x0000000795580000)
  object space 48128K, 32% used [0x0000000740000000,0x0000000740f7cf00,0x0000000742f00000)
 Metaspace       used 25348K, capacity 25817K, committed 26240K, reserved 1073152K
  class space    used 2498K, capacity 2627K, committed 2688K, reserved 1048576K
Event: 31.452 GC heap after
Heap after GC invocations=8 (full 1):
 PSYoungGen      total 132608K, used 9985K [0x0000000795580000, 0x00000007a4200000, 0x00000007c0000000)
  eden space 119808K, 0% used [0x0000000795580000,0x0000000795580000,0x000000079ca80000)
  from space 12800K, 78% used [0x000000079ca80000,0x000000079d440710,0x000000079d700000)
  to   space 13312K, 0% used [0x00000007a3500000,0x00000007a3500000,0x00000007a4200000)
 ParOldGen       total 48128K, used 15859K [0x0000000740000000, 0x0000000742f00000, 0x0000000795580000)
  object space 48128K, 32% used [0x0000000740000000,0x0000000740f7cf00,0x0000000742f00000)
 Metaspace       used 25348K, capacity 25817K, committed 26240K, reserved 1073152K
  class space    used 2498K, capacity 2627K, committed 2688K, reserved 1048576K
}

Deoptimization events (10 events):
Event: 26.678 Thread 0x00007fa10eac4800 Uncommon trap: reason=unstable_if action=reinterpret pc=0x000000010a860440 method=de.fhpotsdam.unfolding.mapdisplay.Java2DMapDisplay.draw()V @ 186
Event: 26.721 Thread 0x00007fa10f700800 Uncommon trap: reason=bimorphic action=maybe_recompile pc=0x000000010a885dc0 method=java.util.Vector.indexOf(Ljava/lang/Object;I)I @ 51
Event: 26.722 Thread 0x00007fa112011000 Uncommon trap: reason=bimorphic action=maybe_recompile pc=0x000000010a885dc0 method=java.util.Vector.indexOf(Ljava/lang/Object;I)I @ 51
Event: 26.722 Thread 0x00007fa10e08a800 Uncommon trap: reason=bimorphic action=maybe_recompile pc=0x000000010a885dc0 method=java.util.Vector.indexOf(Ljava/lang/Object;I)I @ 51
Event: 26.722 Thread 0x00007fa10ec77800 Uncommon trap: reason=bimorphic action=maybe_recompile pc=0x000000010a885dc0 method=java.util.Vector.indexOf(Ljava/lang/Object;I)I @ 51
Event: 26.743 Thread 0x00007fa10eac4800 Uncommon trap: reason=null_check action=make_not_entrant pc=0x000000010a6fa1f0 method=processing.opengl.PGraphicsOpenGL.initCache(Lprocessing/core/PImage;)Ljava/lang/Object; @ 14
Event: 26.745 Thread 0x00007fa10eac4800 Uncommon trap: reason=null_check action=make_not_entrant pc=0x000000010a66536c method=processing.opengl.PGraphicsOpenGL.initCache(Lprocessing/core/PImage;)Ljava/lang/Object; @ 14
Event: 34.309 Thread 0x00007fa10d911000 Uncommon trap: reason=unstable_if action=reinterpret pc=0x000000010a8dbf5c method=java.awt.EventQueue.getPriority(Ljava/awt/AWTEvent;)I @ 71
Event: 34.323 Thread 0x00007fa10f24b800 Uncommon trap: reason=class_check action=maybe_recompile pc=0x000000010a2132f8 method=java.util.HashMap.putVal(ILjava/lang/Object;Ljava/lang/Object;ZZ)Ljava/lang/Object; @ 91
Event: 34.324 Thread 0x00007fa10f24b800 Uncommon trap: reason=class_check action=maybe_recompile pc=0x000000010a206c14 method=java.util.HashMap.putVal(ILjava/lang/Object;Ljava/lang/Object;ZZ)Ljava/lang/Object; @ 91

Classes redefined (0 events):
No events

Internal exceptions (10 events):
Event: 0.687 Thread 0x00007fa10e805800 Exception <a 'java/lang/NoSuchFieldError': method resolution failed> (0x0000000795798208) thrown at [/Users/java_re/workspace/8-2-build-macosx-x86_64/jdk8u221/13320/hotspot/src/share/vm/prims/methodHandles.cpp, line 1167]
Event: 0.951 Thread 0x00007fa10e805800 Exception <a 'java/io/FileNotFoundException'> (0x00000007958139a8) thrown at [/Users/java_re/workspace/8-2-build-macosx-x86_64/jdk8u221/13320/hotspot/src/share/vm/prims/jni.cpp, line 710]
Event: 0.951 Thread 0x00007fa10e805800 Exception <a 'java/io/FileNotFoundException'> (0x0000000795814558) thrown at [/Users/java_re/workspace/8-2-build-macosx-x86_64/jdk8u221/13320/hotspot/src/share/vm/prims/jni.cpp, line 710]
Event: 1.236 Thread 0x00007fa10e805800 Exception <a 'java/io/FileNotFoundException'> (0x000000079593def8) thrown at [/Users/java_re/workspace/8-2-build-macosx-x86_64/jdk8u221/13320/hotspot/src/share/vm/prims/jni.cpp, line 710]
Event: 5.495 Thread 0x00007fa10f447000 Exception <a 'java/lang/UnsatisfiedLinkError': com.jogamp.common.util.JarUtil.fixNativeLibAttribs(Ljava/lang/String;)Z> (0x0000000796b8ff78) thrown at [/Users/java_re/workspace/8-2-build-macosx-x86_64/jdk8u221/13320/hotspot/src/share/vm/prims/nativeLookup
Event: 5.907 Thread 0x00007fa10f03e800 Exception <a 'java/lang/NullPointerException'> (0x00000007956a8b38) thrown at [/Users/java_re/workspace/8-2-build-macosx-x86_64/jdk8u221/13320/hotspot/src/share/vm/interpreter/linkResolver.cpp, line 1185]
Event: 6.514 Thread 0x00007fa10eac4800 Exception <a 'java/io/FileNotFoundException'> (0x0000000795ec44a0) thrown at [/Users/java_re/workspace/8-2-build-macosx-x86_64/jdk8u221/13320/hotspot/src/share/vm/prims/jni.cpp, line 710]
Event: 6.514 Thread 0x00007fa10eac4800 Exception <a 'java/io/FileNotFoundException'> (0x0000000795ecada0) thrown at [/Users/java_re/workspace/8-2-build-macosx-x86_64/jdk8u221/13320/hotspot/src/share/vm/prims/jni.cpp, line 710]
Event: 6.514 Thread 0x00007fa10eac4800 Implicit null exception at 0x0000000109f22436 to 0x0000000109f227f9
Event: 6.874 Thread 0x00007fa10eac4800 Implicit null exception at 0x0000000109e4ed46 to 0x0000000109e4ef8d

Events (10 events):
Event: 34.338 loading class java/awt/LightweightDispatcher$2 done
Event: 34.338 loading class java/awt/event/AWTEventListenerProxy
Event: 34.338 loading class java/awt/event/AWTEventListenerProxy done
Event: 34.339 loading class java/awt/Toolkit$ToolkitEventMulticaster
Event: 34.339 loading class java/awt/Toolkit$ToolkitEventMulticaster done
Event: 34.339 Thread 0x00007fa10f24b800 Thread exited: 0x00007fa10f24b800
Event: 34.339 loading class java/lang/IllegalThreadStateException
Event: 34.339 loading class java/lang/IllegalThreadStateException done
Event: 34.339 loading class java/awt/Window$1DisposeAction
Event: 34.339 loading class java/awt/Window$1DisposeAction done


Dynamic libraries:
0x00007fff4cabc000 	/System/Library/Frameworks/Cocoa.framework/Versions/A/Cocoa
0x00007fff5885f000 	/System/Library/Frameworks/Security.framework/Versions/A/Security
0x00007fff4b74f000 	/System/Library/Frameworks/ApplicationServices.framework/Versions/A/ApplicationServices
0x00007fff7894a000 	/usr/lib/libz.1.dylib
0x00007fff762a4000 	/usr/lib/libSystem.B.dylib
0x00007fff77adb000 	/usr/lib/libobjc.A.dylib
0x00007fff4d331000 	/System/Library/Frameworks/CoreFoundation.framework/Versions/A/CoreFoundation
0x00007fff4f5b3000 	/System/Library/Frameworks/Foundation.framework/Versions/C/Foundation
0x00007fff4a948000 	/System/Library/Frameworks/AppKit.framework/Versions/C/AppKit
0x00007fff4ceba000 	/System/Library/Frameworks/CoreData.framework/Versions/A/CoreData
0x00007fff6fd6a000 	/System/Library/PrivateFrameworks/RemoteViewServices.framework/Versions/A/RemoteViewServices
0x00007fff73fe1000 	/System/Library/PrivateFrameworks/UIFoundation.framework/Versions/A/UIFoundation
0x00007fff756c5000 	/System/Library/PrivateFrameworks/XCTTargetBootstrap.framework/Versions/A/XCTTargetBootstrap
0x00007fff4d240000 	/System/Library/Frameworks/CoreDisplay.framework/Versions/A/CoreDisplay
0x00007fff6aaa4000 	/System/Library/PrivateFrameworks/IconServices.framework/Versions/A/IconServices
0x00007fff51ed4000 	/System/Library/Frameworks/Metal.framework/Versions/A/Metal
0x00007fff61fe9000 	/System/Library/PrivateFrameworks/DesktopServicesPriv.framework/Versions/A/DesktopServicesPriv
0x00007fff76e3e000 	/usr/lib/libenergytrace.dylib
0x00007fff724c8000 	/System/Library/PrivateFrameworks/SkyLight.framework/Versions/A/SkyLight
0x00007fff4d777000 	/System/Library/Frameworks/CoreGraphics.framework/Versions/A/CoreGraphics
0x00007fff49714000 	/System/Library/Frameworks/Accelerate.framework/Versions/A/Accelerate
0x00007fff4fcfc000 	/System/Library/Frameworks/IOSurface.framework/Versions/A/IOSurface
0x00007fff61e55000 	/System/Library/PrivateFrameworks/DFRFoundation.framework/Versions/A/DFRFoundation
0x00007fff4bc32000 	/System/Library/Frameworks/AudioToolbox.framework/Versions/A/AudioToolbox
0x00007fff4beab000 	/System/Library/Frameworks/AudioUnit.framework/Versions/A/AudioUnit
0x00007fff61eea000 	/System/Library/PrivateFrameworks/DataDetectorsCore.framework/Versions/A/DataDetectorsCore
0x00007fff4c5bf000 	/System/Library/Frameworks/Carbon.framework/Versions/A/Frameworks/HIToolbox.framework/Versions/A/HIToolbox
0x00007fff76f97000 	/usr/lib/libicucore.A.dylib
0x00007fff57dd3000 	/System/Library/Frameworks/QuartzCore.framework/Versions/A/QuartzCore
0x00007fff4c994000 	/System/Library/Frameworks/Carbon.framework/Versions/A/Frameworks/SpeechRecognition.framework/Versions/A/SpeechRecognition
0x00007fff763f8000 	/usr/lib/libauto.dylib
0x00007fff7883e000 	/usr/lib/libxml2.2.dylib
0x00007fff61a30000 	/System/Library/PrivateFrameworks/CoreUI.framework/Versions/A/CoreUI
0x00007fff4cda5000 	/System/Library/Frameworks/CoreAudio.framework/Versions/A/CoreAudio
0x00007fff4f3e8000 	/System/Library/Frameworks/DiskArbitration.framework/Versions/A/DiskArbitration
0x00007fff77245000 	/usr/lib/liblangid.dylib
0x00007fff6beaf000 	/System/Library/PrivateFrameworks/MultitouchSupport.framework/Versions/A/MultitouchSupport
0x00007fff4fc6b000 	/System/Library/Frameworks/IOKit.framework/Versions/A/IOKit
0x00007fff75e64000 	/usr/lib/libDiagnosticMessagesClient.dylib
0x00007fff4e586000 	/System/Library/Frameworks/CoreServices.framework/Versions/A/CoreServices
0x00007fff6db69000 	/System/Library/PrivateFrameworks/PerformanceAnalysis.framework/Versions/A/PerformanceAnalysis
0x00007fff56fc1000 	/System/Library/Frameworks/OpenGL.framework/Versions/A/OpenGL
0x00007fff4caca000 	/System/Library/Frameworks/ColorSync.framework/Versions/A/ColorSync
0x00007fff4de08000 	/System/Library/Frameworks/CoreImage.framework/Versions/A/CoreImage
0x00007fff4ef5e000 	/System/Library/Frameworks/CoreText.framework/Versions/A/CoreText
0x00007fff4fd5f000 	/System/Library/Frameworks/ImageIO.framework/Versions/A/ImageIO
0x00007fff5e082000 	/System/Library/PrivateFrameworks/Backup.framework/Versions/A/Backup
0x00007fff7634b000 	/usr/lib/libarchive.2.dylib
0x00007fff4c204000 	/System/Library/Frameworks/CFNetwork.framework/Versions/A/CFNetwork
0x00007fff58fbb000 	/System/Library/Frameworks/SystemConfiguration.framework/Versions/A/SystemConfiguration
0x00007fff75d95000 	/usr/lib/libCRFSuite.dylib
0x00007fff764e7000 	/usr/lib/libc++.1.dylib
0x00007fff7653b000 	/usr/lib/libc++abi.dylib
0x00007fff79140000 	/usr/lib/system/libcache.dylib
0x00007fff79145000 	/usr/lib/system/libcommonCrypto.dylib
0x00007fff79150000 	/usr/lib/system/libcompiler_rt.dylib
0x00007fff79158000 	/usr/lib/system/libcopyfile.dylib
0x00007fff79162000 	/usr/lib/system/libcorecrypto.dylib
0x00007fff7926d000 	/usr/lib/system/libdispatch.dylib
0x00007fff792a7000 	/usr/lib/system/libdyld.dylib
0x00007fff792d4000 	/usr/lib/system/libkeymgr.dylib
0x00007fff792e2000 	/usr/lib/system/liblaunch.dylib
0x00007fff792e3000 	/usr/lib/system/libmacho.dylib
0x00007fff792e9000 	/usr/lib/system/libquarantine.dylib
0x00007fff792ec000 	/usr/lib/system/libremovefile.dylib
0x00007fff792ee000 	/usr/lib/system/libsystem_asl.dylib
0x00007fff79306000 	/usr/lib/system/libsystem_blocks.dylib
0x00007fff79307000 	/usr/lib/system/libsystem_c.dylib
0x00007fff7938f000 	/usr/lib/system/libsystem_configuration.dylib
0x00007fff79393000 	/usr/lib/system/libsystem_coreservices.dylib
0x00007fff79397000 	/usr/lib/system/libsystem_darwin.dylib
0x00007fff7939e000 	/usr/lib/system/libsystem_dnssd.dylib
0x00007fff793a5000 	/usr/lib/system/libsystem_info.dylib
0x00007fff7941a000 	/usr/lib/system/libsystem_m.dylib
0x00007fff79466000 	/usr/lib/system/libsystem_malloc.dylib
0x00007fff79491000 	/usr/lib/system/libsystem_networkextension.dylib
0x00007fff7949c000 	/usr/lib/system/libsystem_notify.dylib
0x00007fff794b9000 	/usr/lib/system/libsystem_sandbox.dylib
0x00007fff794bd000 	/usr/lib/system/libsystem_secinit.dylib
0x00007fff793f1000 	/usr/lib/system/libsystem_kernel.dylib
0x00007fff794a4000 	/usr/lib/system/libsystem_platform.dylib
0x00007fff794ae000 	/usr/lib/system/libsystem_pthread.dylib
0x00007fff794c0000 	/usr/lib/system/libsystem_symptoms.dylib
0x00007fff794c8000 	/usr/lib/system/libsystem_trace.dylib
0x00007fff794df000 	/usr/lib/system/libunwind.dylib
0x00007fff794e5000 	/usr/lib/system/libxpc.dylib
0x00007fff764c8000 	/usr/lib/libbsm.0.dylib
0x00007fff792d5000 	/usr/lib/system/libkxld.dylib
0x00007fff5d473000 	/System/Library/PrivateFrameworks/AppleFSCompression.framework/Versions/A/AppleFSCompression
0x00007fff76164000 	/usr/lib/libOpenScriptingUtil.dylib
0x00007fff767f0000 	/usr/lib/libcoretls.dylib
0x00007fff76807000 	/usr/lib/libcoretls_cfhelpers.dylib
0x00007fff78272000 	/usr/lib/libpam.2.dylib
0x00007fff78432000 	/usr/lib/libsqlite3.dylib
0x00007fff7882c000 	/usr/lib/libxar.1.dylib
0x00007fff764d9000 	/usr/lib/libbz2.1.0.dylib
0x00007fff77247000 	/usr/lib/liblzma.5.dylib
0x00007fff776f8000 	/usr/lib/libnetwork.dylib
0x00007fff76334000 	/usr/lib/libapple_nghttp2.dylib
0x00007fff78279000 	/usr/lib/libpcap.A.dylib
0x00007fff4e925000 	/System/Library/Frameworks/CoreServices.framework/Versions/A/Frameworks/FSEvents.framework/Versions/A/FSEvents
0x00007fff4e604000 	/System/Library/Frameworks/CoreServices.framework/Versions/A/Frameworks/CarbonCore.framework/Versions/A/CarbonCore
0x00007fff4eae0000 	/System/Library/Frameworks/CoreServices.framework/Versions/A/Frameworks/Metadata.framework/Versions/A/Metadata
0x00007fff4eb7f000 	/System/Library/Frameworks/CoreServices.framework/Versions/A/Frameworks/OSServices.framework/Versions/A/OSServices
0x00007fff4ebca000 	/System/Library/Frameworks/CoreServices.framework/Versions/A/Frameworks/SearchKit.framework/Versions/A/SearchKit
0x00007fff4e587000 	/System/Library/Frameworks/CoreServices.framework/Versions/A/Frameworks/AE.framework/Versions/A/AE
0x00007fff4e92e000 	/System/Library/Frameworks/CoreServices.framework/Versions/A/Frameworks/LaunchServices.framework/Versions/A/LaunchServices
0x00007fff4e8dc000 	/System/Library/Frameworks/CoreServices.framework/Versions/A/Frameworks/DictionaryServices.framework/Versions/A/DictionaryServices
0x00007fff4ec32000 	/System/Library/Frameworks/CoreServices.framework/Versions/A/Frameworks/SharedFileList.framework/Versions/A/SharedFileList
0x00007fff52f9c000 	/System/Library/Frameworks/NetFS.framework/Versions/A/NetFS
0x00007fff6c115000 	/System/Library/PrivateFrameworks/NetAuth.framework/Versions/A/NetAuth
0x00007fff75ac9000 	/System/Library/PrivateFrameworks/login.framework/Versions/A/Frameworks/loginsupport.framework/Versions/A/loginsupport
0x00007fff73bea000 	/System/Library/PrivateFrameworks/TCC.framework/Versions/A/TCC
0x00007fff6108d000 	/System/Library/PrivateFrameworks/CoreNLP.framework/Versions/A/CoreNLP
0x00007fff6bbaa000 	/System/Library/PrivateFrameworks/MetadataUtilities.framework/Versions/A/MetadataUtilities
0x00007fff7731c000 	/usr/lib/libmecabra.dylib
0x00007fff4b750000 	/System/Library/Frameworks/ApplicationServices.framework/Versions/A/Frameworks/ATS.framework/Versions/A/ATS
0x00007fff4ba9f000 	/System/Library/Frameworks/ApplicationServices.framework/Versions/A/Frameworks/ColorSyncLegacy.framework/Versions/A/ColorSyncLegacy
0x00007fff4bb3e000 	/System/Library/Frameworks/ApplicationServices.framework/Versions/A/Frameworks/HIServices.framework/Versions/A/HIServices
0x00007fff4bb91000 	/System/Library/Frameworks/ApplicationServices.framework/Versions/A/Frameworks/LangAnalysis.framework/Versions/A/LangAnalysis
0x00007fff4bba1000 	/System/Library/Frameworks/ApplicationServices.framework/Versions/A/Frameworks/PrintCore.framework/Versions/A/PrintCore
0x00007fff4bbeb000 	/System/Library/Frameworks/ApplicationServices.framework/Versions/A/Frameworks/QD.framework/Versions/A/QD
0x00007fff4bc25000 	/System/Library/Frameworks/ApplicationServices.framework/Versions/A/Frameworks/SpeechSynthesis.framework/Versions/A/SpeechSynthesis
0x00007fff76563000 	/usr/lib/libcompression.dylib
0x00007fff521a4000 	/System/Library/Frameworks/MetalPerformanceShaders.framework/Versions/A/MetalPerformanceShaders
0x00007fff4972c000 	/System/Library/Frameworks/Accelerate.framework/Versions/A/Frameworks/vImage.framework/Versions/A/vImage
0x00007fff4a7a6000 	/System/Library/Frameworks/Accelerate.framework/Versions/A/Frameworks/vecLib.framework/Versions/A/vecLib
0x00007fff4a6f2000 	/System/Library/Frameworks/Accelerate.framework/Versions/A/Frameworks/vecLib.framework/Versions/A/libvMisc.dylib
0x00007fff4a50a000 	/System/Library/Frameworks/Accelerate.framework/Versions/A/Frameworks/vecLib.framework/Versions/A/libvDSP.dylib
0x00007fff49dc6000 	/System/Library/Frameworks/Accelerate.framework/Versions/A/Frameworks/vecLib.framework/Versions/A/libBLAS.dylib
0x00007fff4a0b3000 	/System/Library/Frameworks/Accelerate.framework/Versions/A/Frameworks/vecLib.framework/Versions/A/libLAPACK.dylib
0x00007fff4a45d000 	/System/Library/Frameworks/Accelerate.framework/Versions/A/Frameworks/vecLib.framework/Versions/A/libLinearAlgebra.dylib
0x00007fff4a4f6000 	/System/Library/Frameworks/Accelerate.framework/Versions/A/Frameworks/vecLib.framework/Versions/A/libSparseBLAS.dylib
0x00007fff4a473000 	/System/Library/Frameworks/Accelerate.framework/Versions/A/Frameworks/vecLib.framework/Versions/A/libQuadrature.dylib
0x00007fff4a040000 	/System/Library/Frameworks/Accelerate.framework/Versions/A/Frameworks/vecLib.framework/Versions/A/libBNNS.dylib
0x00007fff4a479000 	/System/Library/Frameworks/Accelerate.framework/Versions/A/Frameworks/vecLib.framework/Versions/A/libSparse.dylib
0x00007fff683db000 	/System/Library/PrivateFrameworks/GPUWrangler.framework/Versions/A/GPUWrangler
0x00007fff6a6d9000 	/System/Library/PrivateFrameworks/IOAccelerator.framework/Versions/A/IOAccelerator
0x00007fff6a6e4000 	/System/Library/PrivateFrameworks/IOPresentment.framework/Versions/A/IOPresentment
0x00007fff61e65000 	/System/Library/PrivateFrameworks/DSExternalDisplay.framework/Versions/A/DSExternalDisplay
0x00007fff56418000 	/System/Library/Frameworks/OpenGL.framework/Versions/A/Libraries/libCoreFSCache.dylib
0x00007fff51f98000 	/System/Library/Frameworks/MetalPerformanceShaders.framework/Frameworks/MPSCore.framework/Versions/A/MPSCore
0x00007fff51fb8000 	/System/Library/Frameworks/MetalPerformanceShaders.framework/Frameworks/MPSImage.framework/Versions/A/MPSImage
0x00007fff5205d000 	/System/Library/Frameworks/MetalPerformanceShaders.framework/Frameworks/MPSNeuralNetwork.framework/Versions/A/MPSNeuralNetwork
0x00007fff52035000 	/System/Library/Frameworks/MetalPerformanceShaders.framework/Frameworks/MPSMatrix.framework/Versions/A/MPSMatrix
0x00007fff52189000 	/System/Library/Frameworks/MetalPerformanceShaders.framework/Frameworks/MPSRayIntersector.framework/Versions/A/MPSRayIntersector
0x00007fff6bbd3000 	/System/Library/PrivateFrameworks/MetalTools.framework/Versions/A/MetalTools
0x00007fff5cd1d000 	/System/Library/PrivateFrameworks/AggregateDictionary.framework/Versions/A/AggregateDictionary
0x00007fff76144000 	/usr/lib/libMobileGestalt.dylib
0x00007fff4f0c1000 	/System/Library/Frameworks/CoreVideo.framework/Versions/A/CoreVideo
0x00007fff691ec000 	/System/Library/PrivateFrameworks/GraphVisualizer.framework/Versions/A/GraphVisualizer
0x00007fff6306b000 	/System/Library/PrivateFrameworks/FaceCore.framework/Versions/A/FaceCore
0x00007fff55a46000 	/System/Library/Frameworks/OpenCL.framework/Versions/A/OpenCL
0x00007fff75e9c000 	/usr/lib/libFosl_dynamic.dylib
0x00007fff6c980000 	/System/Library/PrivateFrameworks/OTSVG.framework/Versions/A/OTSVG
0x00007fff4b854000 	/System/Library/Frameworks/ApplicationServices.framework/Versions/A/Frameworks/ATS.framework/Versions/A/Resources/libFontParser.dylib
0x00007fff4b96c000 	/System/Library/Frameworks/ApplicationServices.framework/Versions/A/Frameworks/ATS.framework/Versions/A/Resources/libFontRegistry.dylib
0x00007fff4ffcd000 	/System/Library/Frameworks/ImageIO.framework/Versions/A/Resources/libJPEG.dylib
0x00007fff502df000 	/System/Library/Frameworks/ImageIO.framework/Versions/A/Resources/libTIFF.dylib
0x00007fff502b5000 	/System/Library/Frameworks/ImageIO.framework/Versions/A/Resources/libPng.dylib
0x00007fff4feeb000 	/System/Library/Frameworks/ImageIO.framework/Versions/A/Resources/libGIF.dylib
0x00007fff4fef0000 	/System/Library/Frameworks/ImageIO.framework/Versions/A/Resources/libJP2.dylib
0x00007fff502dc000 	/System/Library/Frameworks/ImageIO.framework/Versions/A/Resources/libRadiance.dylib
0x00007fff5d5ca000 	/System/Library/PrivateFrameworks/AppleJPEG.framework/Versions/A/AppleJPEG
0x00007fff56423000 	/System/Library/Frameworks/OpenGL.framework/Versions/A/Libraries/libGFXShared.dylib
0x00007fff565e6000 	/System/Library/Frameworks/OpenGL.framework/Versions/A/Libraries/libGLU.dylib
0x00007fff5642c000 	/System/Library/Frameworks/OpenGL.framework/Versions/A/Libraries/libGL.dylib
0x00007fff56438000 	/System/Library/Frameworks/OpenGL.framework/Versions/A/Libraries/libGLImage.dylib
0x00007fff56415000 	/System/Library/Frameworks/OpenGL.framework/Versions/A/Libraries/libCVMSPluginSupport.dylib
0x00007fff5641e000 	/System/Library/Frameworks/OpenGL.framework/Versions/A/Libraries/libCoreVMClient.dylib
0x00007fff76cb4000 	/usr/lib/libcups.2.dylib
0x00007fff5149f000 	/System/Library/Frameworks/Kerberos.framework/Versions/A/Kerberos
0x00007fff4f9cf000 	/System/Library/Frameworks/GSS.framework/Versions/A/GSS
0x00007fff783c7000 	/usr/lib/libresolv.9.dylib
0x00007fff76ea6000 	/usr/lib/libiconv.2.dylib
0x00007fff69361000 	/System/Library/PrivateFrameworks/Heimdal.framework/Versions/A/Heimdal
0x00007fff76e76000 	/usr/lib/libheimdal-asn1.dylib
0x00007fff55aba000 	/System/Library/Frameworks/OpenDirectory.framework/Versions/A/OpenDirectory
0x00007fff5fdf0000 	/System/Library/PrivateFrameworks/CommonAuth.framework/Versions/A/CommonAuth
0x00007fff55a9e000 	/System/Library/Frameworks/OpenDirectory.framework/Versions/A/Frameworks/CFOpenDirectory.framework/Versions/A/CFOpenDirectory
0x00007fff58b60000 	/System/Library/Frameworks/SecurityFoundation.framework/Versions/A/SecurityFoundation
0x00007fff5c264000 	/System/Library/PrivateFrameworks/APFS.framework/Versions/A/APFS
0x00007fff78828000 	/usr/lib/libutil.dylib
0x00007fff76551000 	/usr/lib/libcharset.1.dylib
0x00007fff5d867000 	/System/Library/PrivateFrameworks/AppleSauce.framework/Versions/A/AppleSauce
0x00007fff5d9e8000 	/System/Library/PrivateFrameworks/AssertionServices.framework/Versions/A/AssertionServices
0x00007fff5e118000 	/System/Library/PrivateFrameworks/BaseBoard.framework/Versions/A/BaseBoard
0x00007fff77277000 	/usr/lib/libmecab.1.0.0.dylib
0x00007fff76e70000 	/usr/lib/libgermantok.dylib
0x00007fff76321000 	/usr/lib/libThaiTokenizer.dylib
0x00007fff75dcc000 	/usr/lib/libChineseTokenizer.dylib
0x00007fff6ad91000 	/System/Library/PrivateFrameworks/LanguageModeling.framework/Versions/A/LanguageModeling
0x00007fff60ad2000 	/System/Library/PrivateFrameworks/CoreEmoji.framework/Versions/A/CoreEmoji
0x00007fff6ae6d000 	/System/Library/PrivateFrameworks/Lexicon.framework/Versions/A/Lexicon
0x00007fff6aeb0000 	/System/Library/PrivateFrameworks/LinguisticData.framework/Versions/A/LinguisticData
0x00007fff76552000 	/usr/lib/libcmph.dylib
0x00007fff58c1e000 	/System/Library/Frameworks/ServiceManagement.framework/Versions/A/ServiceManagement
0x00007fff5e079000 	/System/Library/PrivateFrameworks/BackgroundTaskManagement.framework/Versions/A/BackgroundTaskManagement
0x00007fff78921000 	/usr/lib/libxslt.1.dylib
0x00007fff4c8c1000 	/System/Library/Frameworks/Carbon.framework/Versions/A/Frameworks/Ink.framework/Versions/A/Ink
0x00007fff73e5c000 	/System/Library/PrivateFrameworks/TextureIO.framework/Versions/A/TextureIO
0x00007fff76375000 	/usr/lib/libate.dylib
0x00007fff61db4000 	/System/Library/PrivateFrameworks/CrashReporterSupport.framework/Versions/A/CrashReporterSupport
0x00007fff71596000 	/System/Library/PrivateFrameworks/Sharing.framework/Versions/A/Sharing
0x00007fff5ddcb000 	/System/Library/PrivateFrameworks/AuthKit.framework/Versions/A/AuthKit
0x00007fff5d31f000 	/System/Library/PrivateFrameworks/Apple80211.framework/Versions/A/Apple80211
0x00007fff61b5c000 	/System/Library/PrivateFrameworks/CoreUtils.framework/Versions/A/CoreUtils
0x00007fff4f102000 	/System/Library/Frameworks/CoreWLAN.framework/Versions/A/CoreWLAN
0x00007fff4fafe000 	/System/Library/Frameworks/IOBluetooth.framework/Versions/A/IOBluetooth
0x00007fff6fa0a000 	/System/Library/PrivateFrameworks/ProtocolBuffer.framework/Versions/A/ProtocolBuffer
0x00007fff6be0b000 	/System/Library/PrivateFrameworks/MobileKeyBag.framework/Versions/A/MobileKeyBag
0x00007fff613a0000 	/System/Library/PrivateFrameworks/CorePhoneNumbers.framework/Versions/A/CorePhoneNumbers
0x00007fff5d57e000 	/System/Library/PrivateFrameworks/AppleIDAuthSupport.framework/Versions/A/AppleIDAuthSupport
0x00007fff6ad64000 	/System/Library/PrivateFrameworks/KeychainCircle.framework/Versions/A/KeychainCircle
0x00007fff6fbc0000 	/System/Library/PrivateFrameworks/ROCKit.framework/Versions/A/ROCKit
0x00007fff61d50000 	/System/Library/PrivateFrameworks/CoreWiFi.framework/Versions/A/CoreWiFi
0x00007fff4ce8f000 	/System/Library/Frameworks/CoreBluetooth.framework/Versions/A/CoreBluetooth
0x00007fff61fab000 	/System/Library/PrivateFrameworks/DebugSymbols.framework/Versions/A/DebugSymbols
0x00007fff6191c000 	/System/Library/PrivateFrameworks/CoreSymbolication.framework/Versions/A/CoreSymbolication
0x00007fff73677000 	/System/Library/PrivateFrameworks/Symbolication.framework/Versions/A/Symbolication
0x00007fff72f1a000 	/System/Library/PrivateFrameworks/SpeechRecognitionCore.framework/Versions/A/SpeechRecognitionCore
0x0000000108d84000 	/Library/Java/JavaVirtualMachines/jdk1.8.0_221.jdk/Contents/Home/jre/lib/server/libjvm.dylib
0x00007fff78703000 	/usr/lib/libstdc++.6.dylib
0x0000000107441000 	/Library/Java/JavaVirtualMachines/jdk1.8.0_221.jdk/Contents/Home/jre/lib/libverify.dylib
0x000000010744f000 	/Library/Java/JavaVirtualMachines/jdk1.8.0_221.jdk/Contents/Home/jre/lib/libjava.dylib
0x00000001074cf000 	/Library/Java/JavaVirtualMachines/jdk1.8.0_221.jdk/Contents/Home/jre/lib/libzip.dylib
0x000000011e722000 	/Library/Java/JavaVirtualMachines/jdk1.8.0_221.jdk/Contents/Home/jre/lib/libawt.dylib
0x000000011e7cb000 	/Library/Java/JavaVirtualMachines/jdk1.8.0_221.jdk/Contents/Home/jre/lib/./libmlib_image.dylib
0x00007fff51488000 	/System/Library/Frameworks/JavaVM.framework/Versions/A/Frameworks/JavaNativeFoundation.framework/Versions/A/JavaNativeFoundation
0x00007fff51491000 	/System/Library/Frameworks/JavaVM.framework/Versions/A/Frameworks/JavaRuntimeSupport.framework/Versions/A/JavaRuntimeSupport
0x00007fff5149a000 	/System/Library/Frameworks/JavaVM.framework/Versions/A/JavaVM
0x00007fff6ac83000 	/System/Library/PrivateFrameworks/JavaLaunching.framework/Versions/A/JavaLaunching
0x00007fff4c5ba000 	/System/Library/Frameworks/Carbon.framework/Versions/A/Carbon
0x00007fff4c5bb000 	/System/Library/Frameworks/Carbon.framework/Versions/A/Frameworks/CommonPanels.framework/Versions/A/CommonPanels
0x00007fff4c8b7000 	/System/Library/Frameworks/Carbon.framework/Versions/A/Frameworks/Help.framework/Versions/A/Help
0x00007fff4c8bb000 	/System/Library/Frameworks/Carbon.framework/Versions/A/Frameworks/ImageCapture.framework/Versions/A/ImageCapture
0x00007fff4c957000 	/System/Library/Frameworks/Carbon.framework/Versions/A/Frameworks/OpenScripting.framework/Versions/A/OpenScripting
0x00007fff4c98f000 	/System/Library/Frameworks/Carbon.framework/Versions/A/Frameworks/Print.framework/Versions/A/Print
0x00007fff4c991000 	/System/Library/Frameworks/Carbon.framework/Versions/A/Frameworks/SecurityHI.framework/Versions/A/SecurityHI
0x000000011e897000 	/Library/Java/JavaVirtualMachines/jdk1.8.0_221.jdk/Contents/Home/jre/lib/libawt_lwawt.dylib
0x000000011e952000 	/Library/Java/JavaVirtualMachines/jdk1.8.0_221.jdk/Contents/Home/jre/lib/./libosxapp.dylib
0x00007fff4f58c000 	/System/Library/Frameworks/ExceptionHandling.framework/Versions/A/ExceptionHandling
0x00007fff61524000 	/System/Library/PrivateFrameworks/CoreServicesInternal.framework/Versions/A/CoreServicesInternal
0x00007fff41a93000 	/System/Library/CoreServices/RawCamera.bundle/Contents/MacOS/RawCamera
0x00007fff6bc77000 	/System/Library/PrivateFrameworks/MobileAsset.framework/Versions/A/MobileAsset
0x00007fff735c5000 	/System/Library/PrivateFrameworks/StreamingZip.framework/Versions/A/StreamingZip
0x00007fff5182c000 	/System/Library/Frameworks/MediaToolbox.framework/Versions/A/MediaToolbox
0x00007fff60676000 	/System/Library/PrivateFrameworks/CoreAVCHD.framework/Versions/A/CoreAVCHD
0x00007fff51772000 	/System/Library/Frameworks/MediaAccessibility.framework/Versions/A/MediaAccessibility
0x00007fff6b6d3000 	/System/Library/PrivateFrameworks/Mangrove.framework/Versions/A/Mangrove
0x00007fff4e425000 	/System/Library/Frameworks/CoreMedia.framework/Versions/A/CoreMedia
0x00007fff59287000 	/System/Library/Frameworks/VideoToolbox.framework/Versions/A/VideoToolbox
0x00007fff60292000 	/System/Library/PrivateFrameworks/CoreAUC.framework/Versions/A/CoreAUC
0x00007fff78430000 	/usr/lib/libspindump.dylib
0x00007fff5d94d000 	/System/Library/PrivateFrameworks/AppleVA.framework/Versions/A/AppleVA
0x00007fff49715000 	/System/Library/Frameworks/Accelerate.framework/Versions/A/Frameworks/vImage.framework/Versions/A/Libraries/libCGInterfaces.dylib
0x00007fff4ba08000 	/System/Library/Frameworks/ApplicationServices.framework/Versions/A/Frameworks/ATS.framework/Versions/A/Resources/libTrueTypeScaler.dylib
0x00007fff468d6000 	/System/Library/Extensions/AppleIntelKBLGraphicsMTLDriver.bundle/Contents/MacOS/AppleIntelKBLGraphicsMTLDriver
0x00007fff66d3a000 	/System/Library/PrivateFrameworks/GPUCompiler.framework/Versions/3902/Libraries/libmetal_timestamp.dylib
0x00007fff63490000 	/System/Library/PrivateFrameworks/FamilyControls.framework/Versions/A/FamilyControls
0x00007fff5fde3000 	/System/Library/PrivateFrameworks/CommerceKit.framework/Versions/A/Frameworks/CommerceCore.framework/Versions/A/CommerceCore
0x00007fff7394a000 	/System/Library/PrivateFrameworks/SystemAdministration.framework/Versions/A/SystemAdministration
0x00007fff5d220000 	/System/Library/PrivateFrameworks/AppContainer.framework/Versions/A/AppContainer
0x00007fff5d23c000 	/System/Library/PrivateFrameworks/AppSandbox.framework/Versions/A/AppSandbox
0x00007fff71437000 	/System/Library/PrivateFrameworks/SecCodeWrapper.framework/Versions/A/SecCodeWrapper
0x00007fff783e1000 	/usr/lib/libsandbox.1.dylib
0x00007fff76113000 	/usr/lib/libMatch.1.dylib
0x00007fff62330000 	/System/Library/PrivateFrameworks/DiskManagement.framework/Versions/A/DiskManagement
0x00007fff4f308000 	/System/Library/Frameworks/DirectoryService.framework/Versions/A/DirectoryService
0x00007fff62261000 	/System/Library/PrivateFrameworks/DiskImages.framework/Versions/A/DiskImages
0x00007fff6afa9000 	/System/Library/PrivateFrameworks/LoginUIKit.framework/Versions/A/Frameworks/LoginUICore.framework/Versions/A/LoginUICore
0x00007fff75dd7000 	/usr/lib/libCoreStorage.dylib
0x00007fff76ca1000 	/usr/lib/libcsfde.dylib
0x00007fff78261000 	/usr/lib/libodfde.dylib
0x00007fff6b7eb000 	/System/Library/PrivateFrameworks/MediaKit.framework/Versions/A/MediaKit
0x00007fff4f314000 	/System/Library/Frameworks/DiscRecording.framework/Versions/A/DiscRecording
0x00007fff624a4000 	/System/Library/PrivateFrameworks/EFILogin.framework/Versions/A/EFILogin
0x00007fff6f9b5000 	/System/Library/PrivateFrameworks/ProtectedCloudStorage.framework/Versions/A/ProtectedCloudStorage
0x00007fff76d33000 	/usr/lib/libcurl.4.dylib
0x00007fff76ba0000 	/usr/lib/libcrypto.42.dylib
0x00007fff786d3000 	/usr/lib/libssl.44.dylib
0x00007fff514b9000 	/System/Library/Frameworks/LDAP.framework/Versions/A/LDAP
0x00007fff73fda000 	/System/Library/PrivateFrameworks/TrustEvaluationAgent.framework/Versions/A/TrustEvaluationAgent
0x00007fff7841d000 	/usr/lib/libsasl2.2.dylib
0x00007fff608cf000 	/System/Library/PrivateFrameworks/CoreDaemon.framework/Versions/B/CoreDaemon
0x00007fff5d862000 	/System/Library/PrivateFrameworks/AppleSRP.framework/Versions/A/AppleSRP
0x00007fff74e14000 	/System/Library/PrivateFrameworks/ViewBridge.framework/Versions/A/ViewBridge
0x00007fff56fd1000 	/System/Library/Frameworks/OpenGL.framework/Versions/A/Resources/GLEngine.bundle/GLEngine
0x00007fff56473000 	/System/Library/Frameworks/OpenGL.framework/Versions/A/Libraries/libGLProgrammability.dylib
0x00007fff45b01000 	/System/Library/Extensions/AppleIntelKBLGraphicsGLDriver.bundle/Contents/MacOS/AppleIntelKBLGraphicsGLDriver
0x00007fff683cf000 	/System/Library/PrivateFrameworks/GPUSupport.framework/Versions/A/Libraries/libGPUSupportMercury.dylib
0x00007fff57169000 	/System/Library/Frameworks/OpenGL.framework/Versions/A/Resources/GLRendererFloat.bundle/GLRendererFloat
0x00007fff55a3d000 	/System/Library/Frameworks/OpenCL.framework/Versions/A/Libraries/libcldcpuengine.dylib
0x00007fff769a6000 	/usr/lib/libcrypto.35.dylib
0x00000001233fb000 	/Library/Java/JavaVirtualMachines/jdk1.8.0_221.jdk/Contents/Home/jre/lib/libfontmanager.dylib
0x00000001229d3000 	/usr/lib/libobjc-trampolines.dylib
0x0000000121697000 	/Library/Java/JavaVirtualMachines/jdk1.8.0_221.jdk/Contents/Home/jre/lib/libosxui.dylib
0x0000000122ae5000 	/Library/Java/JavaVirtualMachines/jdk1.8.0_221.jdk/Contents/Home/jre/lib/libnet.dylib
0x00000001224b0000 	/Library/Java/JavaVirtualMachines/jdk1.8.0_221.jdk/Contents/Home/jre/lib/libnio.dylib
0x00000001220cd000 	/private/var/folders/m_/0lbv8nt54cqg1wwkh7vvlhkh0000gn/T/jogamp_0000/file_cache/jln4319002737501085579/jln8063587153019200051/libgluegen-rt.jnilib
0x00000001220fa000 	/private/var/folders/m_/0lbv8nt54cqg1wwkh7vvlhkh0000gn/T/jogamp_0000/file_cache/jln4319002737501085579/jln8063587153019200051/libnativewindow_awt.jnilib
0x00000001220fd000 	/Library/Java/JavaVirtualMachines/jdk1.8.0_221.jdk/Contents/Home/jre/lib/libjawt.dylib
0x0000000122100000 	/private/var/folders/m_/0lbv8nt54cqg1wwkh7vvlhkh0000gn/T/jogamp_0000/file_cache/jln4319002737501085579/jln8063587153019200051/libnativewindow_macosx.jnilib
0x0000000190e5e000 	/private/var/folders/m_/0lbv8nt54cqg1wwkh7vvlhkh0000gn/T/jogamp_0000/file_cache/jln4319002737501085579/jln8063587153019200051/libjogl_desktop.jnilib
0x0000000197f7a000 	/Library/Java/JavaVirtualMachines/jdk1.8.0_221.jdk/Contents/Home/jre/lib/libsunec.dylib
0x000000019a5e3000 	/Library/Java/JavaVirtualMachines/jdk1.8.0_221.jdk/Contents/Home/jre/lib/libt2k.dylib

VM Arguments:
jvm_args: -Djava.security.policy=java.policy.applet -Dfile.encoding=UTF-8 
java_command: sun.applet.AppletViewer com.saran.EarthquakeCityMap1567803572454.html
java_class_path (initial): /Users/sarankumarreddy/eclipse-workspace/unfolding-app-template/build:/Users/sarankumarreddy/eclipse-workspace/unfolding-app-template/lib/core.jar:/Users/sarankumarreddy/eclipse-workspace/unfolding-app-template/lib/gluegen-rt.jar:/Users/sarankumarreddy/eclipse-workspace/unfolding-app-template/lib/jogl-all.jar:/Users/sarankumarreddy/eclipse-workspace/unfolding-app-template/lib/log4j-1.2.15.jar:/Users/sarankumarreddy/eclipse-workspace/unfolding-app-template/lib/sqlite-jdbc-3.7.2.jar:/Users/sarankumarreddy/eclipse-workspace/unfolding-app-template/lib/json4processing.jar:/Users/sarankumarreddy/eclipse-workspace/unfolding-app-template/lib/libTUIO.jar:/Users/sarankumarreddy/eclipse-workspace/unfolding-app-template/lib/unfolding.0.9.6.jar
Launcher Type: SUN_STANDARD

Environment Variables:
PATH=/usr/bin:/bin:/usr/sbin:/sbin
SHELL=/bin/bash

Signal Handlers:
SIGSEGV: [libjvm.dylib+0x5b71a7], sa_mask[0]=11111111011111110111111111111111, sa_flags=SA_ONSTACK|SA_RESTART|SA_SIGINFO
SIGBUS: [libjvm.dylib+0x5b71a7], sa_mask[0]=11111111011111110111111111111111, sa_flags=SA_RESTART|SA_SIGINFO
SIGFPE: [libjvm.dylib+0x48c8fc], sa_mask[0]=11111111011111110111111111111111, sa_flags=SA_RESTART|SA_SIGINFO
SIGPIPE: [libjvm.dylib+0x48c8fc], sa_mask[0]=11111111011111110111111111111111, sa_flags=SA_RESTART|SA_SIGINFO
SIGXFSZ: [libjvm.dylib+0x48c8fc], sa_mask[0]=11111111011111110111111111111111, sa_flags=SA_RESTART|SA_SIGINFO
SIGILL: [libjvm.dylib+0x48c8fc], sa_mask[0]=11111111011111110111111111111111, sa_flags=SA_RESTART|SA_SIGINFO
SIGUSR1: SIG_DFL, sa_mask[0]=00000000000000000000000000000000, sa_flags=none
SIGUSR2: [libjvm.dylib+0x48c41a], sa_mask[0]=00100000000000000000000000000000, sa_flags=SA_RESTART|SA_SIGINFO
SIGHUP: [libjvm.dylib+0x48a9a5], sa_mask[0]=11111111011111110111111111111111, sa_flags=SA_RESTART|SA_SIGINFO
SIGINT: [libjvm.dylib+0x48a9a5], sa_mask[0]=11111111011111110111111111111111, sa_flags=SA_RESTART|SA_SIGINFO
SIGTERM: [libjvm.dylib+0x48a9a5], sa_mask[0]=11111111011111110111111111111111, sa_flags=SA_RESTART|SA_SIGINFO
SIGQUIT: [libjvm.dylib+0x48a9a5], sa_mask[0]=11111111011111110111111111111111, sa_flags=SA_RESTART|SA_SIGINFO


---------------  S Y S T E M  ---------------

OS:Bsduname:Darwin 18.7.0 Darwin Kernel Version 18.7.0: Thu Jun 20 18:42:21 PDT 2019; root:xnu-4903.270.47~4/RELEASE_X86_64 x86_64
rlimit: STACK 8192k, CORE 0k, NPROC 709, NOFILE 10240, AS infinity
load average:2.45 1.96 2.02

CPU:total 4 (initial active 4) (2 cores per cpu, 2 threads per core) family 6 model 142 stepping 9, cmov, cx8, fxsr, mmx, sse, sse2, sse3, ssse3, sse4.1, sse4.2, popcnt, avx, avx2, aes, clmul, erms, rtm, 3dnowpref, lzcnt, ht, tsc, tscinvbit, bmi1, bmi2, adx

Memory: 4k page, physical 8388608k(111560k free)

/proc/meminfo:


vm_info: Java HotSpot(TM) 64-Bit Server VM (25.221-b11) for bsd-amd64 JRE (1.8.0_221-b11), built on Jul  4 2019 04:36:22 by "java_re" with gcc 4.2.1 (Based on Apple Inc. build 5658) (LLVM build 2336.11.00)

time: Fri Sep  6 16:00:06 2019
timezone: CDT
elapsed time: 34 seconds (0d 0h 0m 34s)

